<?xml version="1.0" encoding="UTF-8"?>
<!-- Generated by org.testng.reporters.JUnitReportReporter -->
<testsuite hostname="DESKTOP-L9U8SE4" failures="0" tests="4" name="testngAll.Features" time="0.026" errors="0" timestamp="2023-06-23T17:25:08 IST" skipped="0">
  <testcase classname="testngAll.Features" name="login" time="0.003"/>
  <system-out/>
  <testcase classname="testngAll.Features" name="logout" time="0.002"/>
  <system-out/>
  <testcase classname="testngAll.Features" name="profile" time="0.006"/>
  <system-out/>
  <testcase classname="testngAll.Features" name="home" time="0.015"/>
  <system-out/>
</testsuite> <!-- testngAll.Features -->
