<?xml version="1.0" encoding="UTF-8"?>
<!-- Generated by org.testng.reporters.JUnitReportReporter -->
<testsuite hostname="DESKTOP-L9U8SE4" failures="0" tests="1" name="testngAll.GroupingTestCases" time="0.015" errors="0" timestamp="2023-07-05T15:00:52 IST" skipped="0">
  <testcase classname="testngAll.GroupingTestCases" name="home" time="0.015"/>
  <system-out/>
</testsuite> <!-- testngAll.GroupingTestCases -->
