<?xml version="1.0" encoding="UTF-8"?>
<!-- Generated by org.testng.reporters.JUnitReportReporter -->
<testsuite hostname="DESKTOP-L9U8SE4" failures="0" tests="4" name="testngAll.EnablingTestCase" time="0.008" errors="0" timestamp="2023-06-19T10:29:05 IST" skipped="1">
  <testcase classname="testngAll.EnablingTestCase" name="home" time="0.003"/>
  <system-out/>
  <testcase classname="testngAll.EnablingTestCase" name="logout" time="0.002"/>
  <system-out/>
  <testcase classname="testngAll.EnablingTestCase" name="login" time="0.003"/>
  <system-out/>
  <testcase classname="testngAll.EnablingTestCase" name="profile">
    <skipped/>
  </testcase> <!-- profile -->
  <system-out/>
</testsuite> <!-- testngAll.EnablingTestCase -->
