<?xml version="1.0" encoding="UTF-8"?>
<!-- Generated by org.testng.reporters.JUnitReportReporter -->
<testsuite hostname="DESKTOP-L9U8SE4" failures="0" tests="2" name="testngAll.DependsOnMethods2" time="0.016" errors="0" timestamp="2023-06-19T10:55:37 IST" skipped="1">
  <testcase classname="testngAll.DependsOnMethods2" name="uploadImage" time="0.016"/>
  <system-out/>
  <testcase classname="testngAll.DependsOnMethods2" name="editProfile" time="0.000">
    <skipped/>
  </testcase> <!-- editProfile -->
  <system-out/>
</testsuite> <!-- testngAll.DependsOnMethods2 -->
