<?xml version="1.0" encoding="UTF-8"?>
<!-- Generated by org.testng.reporters.JUnitReportReporter -->
<testsuite hostname="DESKTOP-L9U8SE4" failures="0" tests="20" name="dataproviderconcept.DpTest" time="0.063" errors="0" timestamp="2023-06-22T18:07:48 IST" skipped="0">
  <testcase classname="dataproviderconcept.DpTest" name="testCase" time="0.005"/>
  <system-out/>
  <testcase classname="dataproviderconcept.DpTest" name="testCase" time="0.003"/>
  <system-out/>
  <testcase classname="dataproviderconcept.DpTest" name="testCase" time="0.001"/>
  <system-out/>
  <testcase classname="dataproviderconcept.DpTest" name="testCase" time="0.001"/>
  <system-out/>
  <testcase classname="dataproviderconcept.DpTest" name="testCase" time="0.002"/>
  <system-out/>
  <testcase classname="dataproviderconcept.DpTest" name="testCase" time="0.001"/>
  <system-out/>
  <testcase classname="dataproviderconcept.DpTest" name="testCase" time="0.001"/>
  <system-out/>
  <testcase classname="dataproviderconcept.DpTest" name="testCase" time="0.002"/>
  <system-out/>
  <testcase classname="dataproviderconcept.DpTest" name="testCase" time="0.015"/>
  <system-out/>
  <testcase classname="dataproviderconcept.DpTest" name="testCase" time="0.004"/>
  <system-out/>
  <testcase classname="dataproviderconcept.DpTest" name="testCase" time="0.002"/>
  <system-out/>
  <testcase classname="dataproviderconcept.DpTest" name="testCase" time="0.002"/>
  <system-out/>
  <testcase classname="dataproviderconcept.DpTest" name="testCase" time="0.002"/>
  <system-out/>
  <testcase classname="dataproviderconcept.DpTest" name="testCase" time="0.004"/>
  <system-out/>
  <testcase classname="dataproviderconcept.DpTest" name="testCase" time="0.005"/>
  <system-out/>
  <testcase classname="dataproviderconcept.DpTest" name="testCase" time="0.005"/>
  <system-out/>
  <testcase classname="dataproviderconcept.DpTest" name="testCase" time="0.001"/>
  <system-out/>
  <testcase classname="dataproviderconcept.DpTest" name="testCase" time="0.002"/>
  <system-out/>
  <testcase classname="dataproviderconcept.DpTest" name="testCase" time="0.003"/>
  <system-out/>
  <testcase classname="dataproviderconcept.DpTest" name="testCase" time="0.002"/>
  <system-out/>
</testsuite> <!-- dataproviderconcept.DpTest -->
