<?xml version="1.0" encoding="UTF-8"?>
<!-- Generated by org.testng.reporters.JUnitReportReporter -->
<testsuite hostname="DESKTOP-L9U8SE4" failures="0" tests="2" name="testngAll.ParametersInTestNG" time="14.481" errors="0" timestamp="2023-06-19T11:36:02 IST" skipped="0">
  <testcase classname="testngAll.ParametersInTestNG" name="launchBrowser" time="7.982"/>
  <system-out/>
  <testcase classname="testngAll.ParametersInTestNG" name="redirectToApplication" time="6.499"/>
  <system-out/>
</testsuite> <!-- testngAll.ParametersInTestNG -->
