<?xml version="1.0" encoding="UTF-8"?>
<!-- Generated by org.testng.reporters.JUnitReportReporter -->
<testsuite hostname="DESKTOP-L9U8SE4" failures="0" tests="3" name="testngAll.ParallelTestExecution" time="0.060" errors="0" timestamp="2023-06-22T17:32:07 IST" skipped="0">
  <testcase classname="testngAll.ParallelTestExecution" name="testCase1" time="0.020"/>
  <system-out/>
  <testcase classname="testngAll.ParallelTestExecution" name="testCase3" time="0.020"/>
  <system-out/>
  <testcase classname="testngAll.ParallelTestExecution" name="testCase2" time="0.020"/>
  <system-out/>
</testsuite> <!-- testngAll.ParallelTestExecution -->
