<?xml version="1.0" encoding="UTF-8"?>
<!-- Generated by org.testng.reporters.JUnitReportReporter -->
<testsuite hostname="DESKTOP-L9U8SE4" failures="0" tests="1" name="testngAll.GroupingTestCase2" time="0.005" errors="0" timestamp="2023-07-05T15:00:52 IST" skipped="0">
  <testcase classname="testngAll.GroupingTestCase2" name="payment" time="0.005"/>
  <system-out/>
</testsuite> <!-- testngAll.GroupingTestCase2 -->
