<?xml version="1.0" encoding="UTF-8"?>
<!-- Generated by org.testng.reporters.JUnitReportReporter -->
<testsuite hostname="DESKTOP-L9U8SE4" failures="0" tests="2" name="testngAll.TestNGListeners" time="14.585" errors="0" timestamp="2023-06-19T14:18:34 IST" skipped="0">
  <testcase classname="testngAll.TestNGListeners" name="redirectToUrl" time="9.592"/>
  <system-out/>
  <testcase classname="testngAll.TestNGListeners" name="searchProduct" time="4.993"/>
  <system-out/>
</testsuite> <!-- testngAll.TestNGListeners -->
