<?xml version="1.0" encoding="UTF-8"?>
<!-- Generated by org.testng.reporters.JUnitReportReporter -->
<testsuite hostname="DESKTOP-L9U8SE4" failures="0" tests="1" name="testngAll.Annotations2" time="0.003" errors="0" timestamp="2023-06-16T16:14:50 IST" skipped="0">
  <testcase classname="testngAll.Annotations2" name="testCase3" time="0.003"/>
  <system-out/>
</testsuite> <!-- testngAll.Annotations2 -->
