<?xml version="1.0" encoding="UTF-8"?>
<!-- Generated by org.testng.reporters.JUnitReportReporter -->
<testsuite hostname="DESKTOP-L9U8SE4" failures="0" tests="5" name="testngAll.InvocationCountKeyword" time="0.026" errors="0" timestamp="2023-06-16T16:14:50 IST" skipped="0">
  <testcase classname="testngAll.InvocationCountKeyword" name="testCase" time="0.001"/>
  <system-out/>
  <testcase classname="testngAll.InvocationCountKeyword" name="testCase" time="0.002"/>
  <system-out/>
  <testcase classname="testngAll.InvocationCountKeyword" name="testCase" time="0.014"/>
  <system-out/>
  <testcase classname="testngAll.InvocationCountKeyword" name="testCase" time="0.003"/>
  <system-out/>
  <testcase classname="testngAll.InvocationCountKeyword" name="testCase" time="0.006"/>
  <system-out/>
</testsuite> <!-- testngAll.InvocationCountKeyword -->
