<?xml version="1.0" encoding="UTF-8"?>
<!-- Generated by org.testng.reporters.JUnitReportReporter -->
<testsuite hostname="DESKTOP-L9U8SE4" failures="0" tests="2" name="PageTest.HomeTest" time="1.246" errors="0" timestamp="2023-06-21T17:33:05 IST" skipped="0">
  <testcase classname="PageTest.HomeTest" name="validateTitle" time="0.020"/>
  <system-out/>
  <testcase classname="PageTest.HomeTest" name="navToSingleMalt" time="1.226"/>
  <system-out/>
</testsuite> <!-- PageTest.HomeTest -->
