<?xml version="1.0" encoding="UTF-8"?>
<!-- Generated by org.testng.reporters.JUnitReportReporter -->
<testsuite hostname="DESKTOP-L9U8SE4" failures="0" tests="2" name="testngAll.Annotations" time="0.008" errors="0" timestamp="2023-06-16T16:14:50 IST" skipped="0">
  <testcase classname="testngAll.Annotations" name="testCase1" time="0.002"/>
  <system-out/>
  <testcase classname="testngAll.Annotations" name="testCase2" time="0.006"/>
  <system-out/>
</testsuite> <!-- testngAll.Annotations -->
