<?xml version="1.0" encoding="UTF-8"?>
<!-- Generated by org.testng.reporters.JUnitReportReporter -->
<testsuite hostname="DESKTOP-L9U8SE4" failures="0" tests="1" name="testngAll.ParallelTestExecution1" time="10.213" errors="0" timestamp="2023-06-22T17:27:02 IST" skipped="0">
  <testcase classname="testngAll.ParallelTestExecution1" name="sliderValidation" time="10.213"/>
  <system-out/>
</testsuite> <!-- testngAll.ParallelTestExecution1 -->
